<?xml version="1.0" encoding="UTF-8"?>
<!-- Generated by org.testng.reporters.JUnitReportReporter -->
<testsuite hostname="Balaji-Venkat9" failures="0" tests="9" name="Com.Cts.Money.Script.TestScript" time="1.207" errors="0" timestamp="2021-04-30T11:40:04 IST" skipped="0">
  <testcase classname="Com.Cts.Money.Script.TestScript" name="VaildateFirstname" time="0.181"/>
  <system-out/>
  <testcase classname="Com.Cts.Money.Script.TestScript" name="VaildateTitle" time="0.009"/>
  <system-out/>
  <testcase classname="Com.Cts.Money.Script.TestScript" name="ValidateDay" time="0.320"/>
  <system-out/>
  <testcase classname="Com.Cts.Money.Script.TestScript" name="ValidateMonth" time="0.170"/>
  <system-out/>
  <testcase classname="Com.Cts.Money.Script.TestScript" name="VaildateCreate" time="0.095"/>
  <system-out/>
  <testcase classname="Com.Cts.Money.Script.TestScript" name="VaildateRadio" time="0.109"/>
  <system-out/>
  <testcase classname="Com.Cts.Money.Script.TestScript" name="VaildateLastname" time="0.143"/>
  <system-out/>
  <testcase classname="Com.Cts.Money.Script.TestScript" name="VaildateUrl" time="0.012"/>
  <system-out/>
  <testcase classname="Com.Cts.Money.Script.TestScript" name="ValidateYear" time="0.168"/>
  <system-out/>
</testsuite> <!-- Com.Cts.Money.Script.TestScript -->
